[21:48:27] [main/INFO]: Environment: authHost='https://authserver.mojang.com', accountsHost='https://api.mojang.com', sessionHost='https://sessionserver.mojang.com', servicesHost='https://api.minecraftservices.com', name='PROD'
[21:48:28] [main/WARN]: Ambiguity between arguments [teleport, destination] and [teleport, targets] with inputs: [Player, 0123, @e, dd12be42-52a9-4a91-a8a1-11c01849e498]
[21:48:28] [main/WARN]: Ambiguity between arguments [teleport, location] and [teleport, destination] with inputs: [0.1 -0.5 .9, 0 0 0]
[21:48:28] [main/WARN]: Ambiguity between arguments [teleport, location] and [teleport, targets] with inputs: [0.1 -0.5 .9, 0 0 0]
[21:48:28] [main/WARN]: Ambiguity between arguments [teleport, targets] and [teleport, destination] with inputs: [Player, 0123, dd12be42-52a9-4a91-a8a1-11c01849e498]
[21:48:28] [main/WARN]: Ambiguity between arguments [teleport, targets, location] and [teleport, targets, destination] with inputs: [0.1 -0.5 .9, 0 0 0]
[21:48:28] [main/INFO]: Reloading ResourceManager: Default
[21:48:29] [Worker-Main-4/INFO]: Loaded 7 recipes
[21:48:30] [Worker-Main-4/INFO]: Loaded 927 advancements
[21:48:32] [Server thread/INFO]: Starting minecraft server version 1.16.4
[21:48:32] [Server thread/INFO]: Loading properties
[21:48:32] [Server thread/INFO]: Default game type: SURVIVAL
[21:48:32] [Server thread/INFO]: Generating keypair
[21:48:32] [Server console handler/ERROR]: Exception handling console input
java.io.IOException: Identificador inválido
	at java.io.FileInputStream.readBytes(Native Method) ~[?:1.8.0_271]
	at java.io.FileInputStream.read(Unknown Source) ~[?:1.8.0_271]
	at java.io.BufferedInputStream.read1(Unknown Source) ~[?:1.8.0_271]
	at java.io.BufferedInputStream.read(Unknown Source) ~[?:1.8.0_271]
	at sun.nio.cs.StreamDecoder.readBytes(Unknown Source) ~[?:1.8.0_271]
	at sun.nio.cs.StreamDecoder.implRead(Unknown Source) ~[?:1.8.0_271]
	at sun.nio.cs.StreamDecoder.read(Unknown Source) ~[?:1.8.0_271]
	at java.io.InputStreamReader.read(Unknown Source) ~[?:1.8.0_271]
	at java.io.BufferedReader.fill(Unknown Source) ~[?:1.8.0_271]
	at java.io.BufferedReader.readLine(Unknown Source) ~[?:1.8.0_271]
	at java.io.BufferedReader.readLine(Unknown Source) ~[?:1.8.0_271]
	at zg$1.run(SourceFile:95) [server.jar:?]
[21:48:33] [Server thread/INFO]: Starting Minecraft server on *:25565
[21:48:33] [Server thread/INFO]: Using default channel type
[21:48:35] [Server thread/WARN]: **** SERVER IS RUNNING IN OFFLINE/INSECURE MODE!
[21:48:35] [Server thread/WARN]: The server will make no attempt to authenticate usernames. Beware.
[21:48:35] [Server thread/WARN]: While this makes the game possible to play without internet access, it also opens up the ability for hackers to connect with any username they choose.
[21:48:35] [Server thread/WARN]: To change this, set "online-mode" to "true" in the server.properties file.
[21:48:35] [Server thread/INFO]: Preparing level "world"
[21:48:45] [Server thread/INFO]: Preparing start region for dimension minecraft:overworld
[21:48:46] [Worker-Main-6/INFO]: Preparing spawn area: 0%
[21:48:46] [Worker-Main-6/INFO]: Preparing spawn area: 0%
[21:48:46] [Worker-Main-5/INFO]: Preparing spawn area: 0%
[21:48:47] [Worker-Main-6/INFO]: Preparing spawn area: 0%
[21:48:47] [Worker-Main-7/INFO]: Preparing spawn area: 0%
[21:48:48] [Worker-Main-7/INFO]: Preparing spawn area: 0%
[21:48:48] [Worker-Main-7/INFO]: Preparing spawn area: 0%
[21:48:49] [Worker-Main-5/INFO]: Preparing spawn area: 0%
[21:48:49] [Worker-Main-6/INFO]: Preparing spawn area: 0%
[21:48:50] [Worker-Main-6/INFO]: Preparing spawn area: 1%
[21:48:50] [Worker-Main-6/INFO]: Preparing spawn area: 1%
[21:48:51] [Worker-Main-6/INFO]: Preparing spawn area: 1%
[21:48:51] [Worker-Main-6/INFO]: Preparing spawn area: 1%
[21:48:52] [Worker-Main-7/INFO]: Preparing spawn area: 1%
[21:48:52] [Worker-Main-7/INFO]: Preparing spawn area: 4%
[21:48:53] [Worker-Main-6/INFO]: Preparing spawn area: 4%
[21:48:53] [Worker-Main-5/INFO]: Preparing spawn area: 7%
[21:48:54] [Worker-Main-7/INFO]: Preparing spawn area: 9%
[21:48:54] [Worker-Main-5/INFO]: Preparing spawn area: 9%
[21:48:55] [Worker-Main-7/INFO]: Preparing spawn area: 9%
[21:48:55] [Worker-Main-5/INFO]: Preparing spawn area: 15%
[21:48:56] [Worker-Main-6/INFO]: Preparing spawn area: 15%
[21:48:56] [Worker-Main-6/INFO]: Preparing spawn area: 17%
[21:48:57] [Worker-Main-5/INFO]: Preparing spawn area: 17%
[21:48:57] [Worker-Main-6/INFO]: Preparing spawn area: 17%
[21:48:58] [Worker-Main-6/INFO]: Preparing spawn area: 23%
[21:48:58] [Worker-Main-5/INFO]: Preparing spawn area: 24%
[21:48:59] [Worker-Main-5/INFO]: Preparing spawn area: 24%
[21:48:59] [Worker-Main-6/INFO]: Preparing spawn area: 24%
[21:49:00] [Worker-Main-6/INFO]: Preparing spawn area: 24%
[21:49:00] [Worker-Main-5/INFO]: Preparing spawn area: 24%
[21:49:01] [Worker-Main-7/INFO]: Preparing spawn area: 34%
[21:49:01] [Worker-Main-5/INFO]: Preparing spawn area: 34%
[21:49:02] [Worker-Main-5/INFO]: Preparing spawn area: 34%
[21:49:02] [Worker-Main-7/INFO]: Preparing spawn area: 34%
[21:49:03] [Worker-Main-7/INFO]: Preparing spawn area: 37%
[21:49:04] [Worker-Main-5/INFO]: Preparing spawn area: 41%
[21:49:04] [Worker-Main-7/INFO]: Preparing spawn area: 41%
[21:49:06] [Worker-Main-5/INFO]: Preparing spawn area: 45%
[21:49:06] [Worker-Main-5/INFO]: Preparing spawn area: 45%
[21:49:06] [Worker-Main-5/INFO]: Preparing spawn area: 45%
[21:49:06] [Worker-Main-5/INFO]: Preparing spawn area: 45%
[21:49:08] [Worker-Main-7/INFO]: Preparing spawn area: 53%
[21:49:08] [Worker-Main-6/INFO]: Preparing spawn area: 53%
[21:49:08] [Worker-Main-7/INFO]: Preparing spawn area: 53%
[21:49:09] [Worker-Main-6/INFO]: Preparing spawn area: 57%
[21:49:09] [Worker-Main-7/INFO]: Preparing spawn area: 57%
[21:49:11] [Worker-Main-5/INFO]: Preparing spawn area: 61%
[21:49:11] [Worker-Main-6/INFO]: Preparing spawn area: 61%
[21:49:11] [Worker-Main-6/INFO]: Preparing spawn area: 61%
[21:49:11] [Worker-Main-6/INFO]: Preparing spawn area: 61%
[21:49:11] [Worker-Main-7/INFO]: Preparing spawn area: 61%
[21:49:11] [Worker-Main-6/INFO]: Preparing spawn area: 61%
[21:49:14] [Worker-Main-6/INFO]: Preparing spawn area: 70%
[21:49:14] [Worker-Main-6/INFO]: Preparing spawn area: 70%
[21:49:14] [Worker-Main-6/INFO]: Preparing spawn area: 70%
[21:49:14] [Worker-Main-6/INFO]: Preparing spawn area: 70%
[21:49:14] [Worker-Main-6/INFO]: Preparing spawn area: 70%
[21:49:14] [Worker-Main-7/INFO]: Preparing spawn area: 81%
[21:49:15] [Worker-Main-7/INFO]: Preparing spawn area: 81%
[21:49:15] [Worker-Main-7/INFO]: Preparing spawn area: 81%
[21:49:16] [Worker-Main-5/INFO]: Preparing spawn area: 84%
[21:49:17] [Worker-Main-5/INFO]: Preparing spawn area: 86%
[21:49:17] [Worker-Main-5/INFO]: Preparing spawn area: 86%
[21:49:19] [Worker-Main-5/INFO]: Preparing spawn area: 90%
[21:49:19] [Worker-Main-5/INFO]: Preparing spawn area: 90%
[21:49:19] [Worker-Main-5/INFO]: Preparing spawn area: 90%
[21:49:19] [Worker-Main-6/INFO]: Preparing spawn area: 97%
[21:49:19] [Worker-Main-6/INFO]: Preparing spawn area: 97%
[21:49:19] [Server thread/INFO]: Time elapsed: 34073 ms
[21:49:19] [Server thread/INFO]: Done (43.996s)! For help, type "help"
[21:49:22] [Server thread/WARN]: Can't keep up! Is the server overloaded? Running 2013ms or 40 ticks behind
[21:50:06] [Server thread/INFO]: K1NGNath[/25.10.7.89:54102] logged in with entity id 240 at (-265.5, 68.0, 186.5)
[21:50:06] [Server thread/INFO]: K1NGNath joined the game
[21:50:26] [Server thread/INFO]: hadhodrim[/25.9.197.214:56042] logged in with entity id 402 at (-252.5, 64.0, 175.5)
[21:50:26] [Server thread/INFO]: hadhodrim joined the game
[21:50:42] [Server thread/INFO]: VEM_Tranquilo[/25.3.94.110:58977] logged in with entity id 487 at (-252.5, 64.0, 169.5)
[21:50:42] [Server thread/INFO]: VEM_Tranquilo joined the game
[21:50:46] [Server thread/INFO]: oh_jc[/25.45.44.130:49295] logged in with entity id 497 at (-262.5, 67.0, 182.5)
[21:50:46] [Server thread/INFO]: oh_jc joined the game
[21:50:51] [Server thread/INFO]: oh_jc lost connection: You logged in from another location
[21:50:51] [Server thread/INFO]: oh_jc left the game
[21:50:51] [Server thread/INFO]: oh_jc[/25.45.44.130:49297] logged in with entity id 508 at (-262.5, 67.0, 182.5)
[21:50:51] [Server thread/INFO]: oh_jc joined the game
[21:50:54] [Server thread/WARN]: Mismatch in destroy block pos: fx{x=0, y=0, z=0} fx{x=-252, y=64, z=172}
[21:50:55] [Server thread/WARN]: Mismatch in destroy block pos: fx{x=0, y=0, z=0} fx{x=-252, y=63, z=173}
[21:50:58] [Server thread/WARN]: Mismatch in destroy block pos: fx{x=0, y=0, z=0} fx{x=-263, y=68, z=183}
[21:51:01] [Server thread/WARN]: Mismatch in destroy block pos: fx{x=0, y=0, z=0} fx{x=-242, y=66, z=165}
[21:51:04] [Server thread/WARN]: Mismatch in destroy block pos: fx{x=0, y=0, z=0} fx{x=-252, y=67, z=172}
[21:51:04] [Server thread/WARN]: Mismatch in destroy block pos: fx{x=0, y=0, z=0} fx{x=-253, y=67, z=172}
[21:51:04] [Server thread/WARN]: Mismatch in destroy block pos: fx{x=0, y=0, z=0} fx{x=-253, y=67, z=173}
[21:51:04] [Server thread/WARN]: Mismatch in destroy block pos: fx{x=0, y=0, z=0} fx{x=-254, y=67, z=173}
[21:51:07] [Server thread/WARN]: Mismatch in destroy block pos: fx{x=0, y=0, z=0} fx{x=-246, y=65, z=181}
[21:51:07] [Server thread/WARN]: Mismatch in destroy block pos: fx{x=0, y=0, z=0} fx{x=-246, y=64, z=181}
[21:51:08] [Server thread/WARN]: Mismatch in destroy block pos: fx{x=0, y=0, z=0} fx{x=-246, y=65, z=181}
[21:51:08] [Server thread/WARN]: Mismatch in destroy block pos: fx{x=0, y=0, z=0} fx{x=-246, y=64, z=181}
[21:51:18] [Server thread/WARN]: Mismatch in destroy block pos: fx{x=0, y=0, z=0} fx{x=-247, y=63, z=180}
[21:51:42] [Server thread/WARN]: Mismatch in destroy block pos: fx{x=0, y=0, z=0} fx{x=-252, y=67, z=172}
[21:51:50] [Server thread/WARN]: Mismatch in destroy block pos: fx{x=0, y=0, z=0} fx{x=-249, y=63, z=177}
[21:52:05] [Server thread/INFO]: [hadhodrim: Made K1NGNath a server operator]
[21:52:11] [Server thread/INFO]: [hadhodrim: Made oh_jc a server operator]
[21:52:17] [Server thread/INFO]: [hadhodrim: Made VEM_Tranquilo a server operator]
[21:52:19] [Server thread/INFO]: [K1NGNath: Set own game mode to Creative Mode]
[21:52:24] [Server thread/INFO]: [K1NGNath: Set own game mode to Survival Mode]
[21:53:10] [Server thread/INFO]: hadhodrim has made the advancement [Stone Age]
[21:53:34] [Server thread/INFO]: K1NGNath has made the advancement [Stone Age]
[21:53:48] [Server thread/INFO]: hadhodrim has made the advancement [Getting an Upgrade]
[21:55:08] [Server thread/INFO]: [K1NGNath: Gave 2 [Cobblestone] to oh_jc]
[21:55:40] [Server thread/INFO]: VEM_Tranquilo has made the advancement [Stone Age]
[21:56:37] [Server thread/INFO]: VEM_Tranquilo has made the advancement [Getting an Upgrade]
[21:57:17] [Server thread/INFO]: K1NGNath has made the advancement [Acquire Hardware]
[22:01:19] [Server thread/INFO]: VEM_Tranquilo has made the advancement [Sweet Dreams]
[22:01:23] [Server thread/INFO]: <VEM_Tranquilo> zzzzzzzzzzzzzz
[22:01:24] [Server thread/INFO]: <VEM_Tranquilo> zzzzzzzzzzzzzzzzzzzzz
[22:01:25] [Server thread/INFO]: K1NGNath has made the advancement [Sweet Dreams]
[22:01:26] [Server thread/INFO]: <VEM_Tranquilo> zzzzzzzzzzzzzzzzzzzzzzz
[22:01:27] [Server thread/INFO]: <K1NGNath> zzzzzzzzzz
[22:01:27] [Server thread/INFO]: <VEM_Tranquilo> zzzzzzzzzzzzzzzzzzzzz
[22:01:29] [Server thread/INFO]: <VEM_Tranquilo> zzzzzzzzzzzzzzz
[22:01:30] [Server thread/INFO]: <K1NGNath> zzzzzzzzzzzzzzz
[22:01:30] [Server thread/INFO]: <VEM_Tranquilo> zzzzzzzzzzzzzzzzzz
[22:01:31] [Server thread/INFO]: <K1NGNath> zzzzzzzzzz
[22:01:31] [Server thread/INFO]: <VEM_Tranquilo> zzzzzzzzzzzzzzz
[22:01:32] [Server thread/INFO]: <K1NGNath> zzzzzzzzzzz
[22:01:32] [Server thread/INFO]: <VEM_Tranquilo> zzzzzzzzzzzzzz
[22:01:32] [Server thread/INFO]: <K1NGNath> zzzzz
[22:01:39] [Server thread/INFO]: <K1NGNath> z
[22:01:40] [Server thread/INFO]: <VEM_Tranquilo> boa noite margaridas
[22:01:46] [Server thread/INFO]: Unknown or incomplete command, see below for error
[22:01:46] [Server thread/INFO]: zzzzz<--[HERE]
[22:01:55] [Server thread/INFO]: hadhodrim has made the advancement [Sweet Dreams]
[22:02:10] [Server thread/INFO]: Unknown or incomplete command, see below for error
[22:02:10] [Server thread/INFO]: /echo zzz<--[HERE]
[22:03:08] [Server thread/INFO]: hadhodrim has made the advancement [Acquire Hardware]
[22:03:25] [Server thread/INFO]: hadhodrim has made the advancement [Isn't It Iron Pick]
[22:04:14] [Server thread/INFO]: K1NGNath has made the advancement [Getting an Upgrade]
[22:04:28] [Server thread/INFO]: K1NGNath has made the advancement [Isn't It Iron Pick]
[22:05:28] [Server thread/INFO]: K1NGNath has made the advancement [Diamonds!]
[22:09:06] [Server thread/INFO]: VEM_Tranquilo has made the advancement [Acquire Hardware]
[22:09:24] [Server thread/WARN]: Can't keep up! Is the server overloaded? Running 2320ms or 46 ticks behind
[22:11:58] [Server thread/INFO]: K1NGNath has made the advancement [Suit Up]
[22:13:34] [Server thread/INFO]: hadhodrim has made the advancement [Diamonds!]
[22:14:51] [Server thread/INFO]: VEM_Tranquilo has made the advancement [Suit Up]
[22:16:46] [Server thread/INFO]: <VEM_Tranquilo> zzzzzzzzzzzzzzzzzzzzzzzzzz
[22:20:05] [Server thread/INFO]: hadhodrim has made the advancement [Suit Up]
[22:24:16] [Server thread/INFO]: VEM_Tranquilo lost connection: Timed out
[22:24:16] [Server thread/INFO]: VEM_Tranquilo left the game
[22:24:27] [Server thread/INFO]: VEM_Tranquilo[/25.3.94.110:59135] logged in with entity id 9480 at (-244.2476809291508, 63.02759346895857, 87.30513120364371)
[22:24:27] [Server thread/INFO]: VEM_Tranquilo joined the game
[22:24:29] [Server thread/WARN]: Can't keep up! Is the server overloaded? Running 2547ms or 50 ticks behind
[22:29:09] [Server thread/INFO]: K1NGNath has made the advancement [The Parrots and the Bats]
[22:30:45] [Server thread/INFO]: <hadhodrim> ZZZZZZZZZZZZZZZZZZZZZZZZZZZZ
[22:32:31] [Server thread/INFO]: <K1NGNath> -244 154
[22:34:28] [Server thread/WARN]: K1NGNath moved too quickly! -9.969539078785232,0.24918707874468282,1.1557476401115423
[22:34:29] [Server thread/WARN]: Can't keep up! Is the server overloaded? Running 2210ms or 44 ticks behind
[22:34:53] [Server thread/WARN]: Can't keep up! Is the server overloaded? Running 2367ms or 47 ticks behind
[22:35:08] [Server thread/WARN]: Boat (vehicle of K1NGNath) moved too quickly! -6.829249068480692,0.0,-7.399722506148748
[22:35:08] [Server thread/WARN]: Boat (vehicle of oh_jc) moved too quickly! -6.638895265013161,0.0,-7.918382180884009
[22:35:08] [Server thread/WARN]: Boat (vehicle of K1NGNath) moved too quickly! -7.158572957213266,0.0,-7.617226657799051
[22:35:08] [Server thread/WARN]: Boat (vehicle of oh_jc) moved too quickly! -6.9267617131203565,0.0,-8.192927129093505
[22:35:08] [Server thread/WARN]: Boat (vehicle of K1NGNath) moved too quickly! -7.490354543143496,0.0,-7.831622840712754
[22:35:10] [Server thread/WARN]: Boat (vehicle of K1NGNath) moved wrongly! 0.25496526916796824
[22:35:10] [Server thread/WARN]: Boat (vehicle of K1NGNath) moved wrongly! 0.6036928987659564
[22:35:10] [Server thread/WARN]: Boat (vehicle of K1NGNath) moved wrongly! 0.9531114458150682
[22:35:10] [Server thread/WARN]: Boat (vehicle of K1NGNath) moved wrongly! 1.303479420582562
[22:35:10] [Server thread/WARN]: Boat (vehicle of K1NGNath) moved wrongly! 1.6552772550858492
[22:35:10] [Server thread/WARN]: Boat (vehicle of K1NGNath) moved wrongly! 2.008846072242136
[22:35:10] [Server thread/WARN]: Boat (vehicle of K1NGNath) moved wrongly! 2.36441347810603
[22:35:10] [Server thread/WARN]: Boat (vehicle of K1NGNath) moved wrongly! 2.7221206529100925
[22:35:10] [Server thread/WARN]: Boat (vehicle of K1NGNath) moved wrongly! 3.082041834243796
[22:35:10] [Server thread/WARN]: Boat (vehicle of K1NGNath) moved wrongly! 3.4441980521181677
[22:35:10] [Server thread/WARN]: Boat (vehicle of K1NGNath) moved wrongly! 3.808570779473939
[22:35:10] [Server thread/WARN]: Boat (vehicle of K1NGNath) moved wrongly! 4.175112988292852
[22:35:10] [Server thread/WARN]: Boat (vehicle of K1NGNath) moved wrongly! 4.543576456564807
[22:35:10] [Server thread/WARN]: Boat (vehicle of K1NGNath) moved wrongly! 4.913741543304553
[22:35:10] [Server thread/WARN]: Boat (vehicle of K1NGNath) moved wrongly! 5.285413410301828
[22:35:10] [Server thread/WARN]: Boat (vehicle of K1NGNath) moved wrongly! 5.658418580718319
[22:35:16] [Server thread/WARN]: Can't keep up! Is the server overloaded? Running 8039ms or 160 ticks behind
[22:35:22] [Server thread/WARN]: Boat (vehicle of oh_jc) moved too quickly! -3.2694744340665522,0.0,-9.870267468077031
[22:35:22] [Server thread/WARN]: Boat (vehicle of oh_jc) moved too quickly! -3.415149731803666,0.0,-10.241835900050972
[22:35:22] [Server thread/WARN]: Boat (vehicle of oh_jc) moved too quickly! -3.565622073080675,0.0,-10.611247666382155
[22:35:22] [Server thread/WARN]: Boat (vehicle of K1NGNath) moved too quickly! -0.4590238271690623,0.0,-10.03196796730927
[22:35:22] [Server thread/WARN]: Boat (vehicle of oh_jc) moved too quickly! -3.720962980909377,0.0,-10.97840773702481
[22:35:22] [Server thread/WARN]: Boat (vehicle of K1NGNath) moved too quickly! -0.46713703193816514,0.0,-10.186678104611559
[22:35:22] [Server thread/WARN]: Boat (vehicle of oh_jc) moved too quickly! -3.881179097037574,0.0,-11.343253249606192
[22:35:22] [Server thread/WARN]: Boat (vehicle of K1NGNath) moved too quickly! -0.4744389160369167,0.0,-10.325917224495043
[22:35:22] [Server thread/WARN]: Boat (vehicle of oh_jc) moved too quickly! -4.046223160914508,0.0,-11.705750627934606
[22:35:22] [Server thread/WARN]: Boat (vehicle of K1NGNath) moved too quickly! -0.4810106115517101,0.0,-10.451232429070444
[22:35:22] [Server thread/WARN]: Boat (vehicle of oh_jc) moved too quickly! -4.216006975299763,0.0,-12.065890522514593
[22:35:22] [Server thread/WARN]: Boat (vehicle of K1NGNath) moved too quickly! -0.4869251373583552,0.0,-10.564016110200555
[22:35:37] [Server thread/WARN]: Can't keep up! Is the server overloaded? Running 2536ms or 50 ticks behind
[22:35:45] [Server thread/INFO]: VEM_Tranquilo has made the advancement [The Parrots and the Bats]
[22:36:24] [Server thread/INFO]: hadhodrim has made the advancement [Monster Hunter]
[22:37:04] [Server thread/INFO]: hadhodrim has made the advancement [Not Today, Thank You]
[22:37:43] [Server thread/INFO]: oh_jc lost connection: Disconnected
[22:37:43] [Server thread/INFO]: oh_jc left the game
[22:37:54] [Server thread/INFO]: oh_jc[/25.45.44.130:50269] logged in with entity id 14855 at (-66.63916786330967, 62.07326472263429, 77.09314630860449)
[22:37:54] [Server thread/INFO]: oh_jc joined the game
[22:37:54] [Server thread/INFO]: oh_jc has made the advancement [Suit Up]
[22:37:54] [Server thread/INFO]: oh_jc has made the advancement [Stone Age]
[22:37:54] [Server thread/INFO]: oh_jc has made the advancement [Isn't It Iron Pick]
[22:37:54] [Server thread/INFO]: oh_jc has made the advancement [Getting an Upgrade]
[22:39:44] [Server thread/WARN]: Can't keep up! Is the server overloaded? Running 2092ms or 41 ticks behind
[22:40:37] [Server thread/INFO]: K1NGNath has made the advancement [Monster Hunter]
[22:43:15] [Server thread/INFO]: oh_jc has made the advancement [Sweet Dreams]
[22:44:40] [Server thread/INFO]: <hadhodrim> zzzzzzzzzzzzz
[22:45:52] [Server thread/INFO]: oh_jc has made the advancement [Monster Hunter]
[22:46:55] [Server thread/WARN]: Can't keep up! Is the server overloaded? Running 2039ms or 40 ticks behind
[22:47:04] [Server thread/INFO]: VEM_Tranquilo has made the advancement [Isn't It Iron Pick]
[22:48:33] [Server thread/INFO]: VEM_Tranquilo has made the advancement [Monster Hunter]
[22:49:09] [Server thread/INFO]: VEM_Tranquilo has made the advancement [Not Today, Thank You]
[22:52:41] [Server thread/INFO]: hadhodrim has made the advancement [The Parrots and the Bats]
[22:53:04] [Server thread/INFO]: <K1NGNath> -244 154
[22:53:33] [Server thread/INFO]: oh_jc lost connection: Disconnected
[22:53:33] [Server thread/INFO]: oh_jc left the game
[22:53:41] [Server thread/INFO]: oh_jc[/25.45.44.130:50488] logged in with entity id 23181 at (692.70830581351, 71.02442408821369, 764.9033120471723)
[22:53:41] [Server thread/INFO]: oh_jc joined the game
[22:54:09] [Server thread/INFO]: <oh_jc> x-692 z- 766
[22:54:18] [Server thread/INFO]: <K1NGNath> -244 154
[22:54:48] [Server thread/WARN]: oh_jc moved too quickly! -5.395353671413318,-1.0,-8.441321418167718
[22:54:48] [Server thread/WARN]: Can't keep up! Is the server overloaded? Running 2216ms or 44 ticks behind
[22:55:10] [Server thread/WARN]: Can't keep up! Is the server overloaded? Running 2297ms or 45 ticks behind
[22:55:28] [Server thread/WARN]: Can't keep up! Is the server overloaded? Running 3179ms or 63 ticks behind
[22:56:46] [Server thread/INFO]: <hadhodrim> zzzzzzzzzzzzzzzzzzzzzzzzzzzzzzzzzzzzzzzzzzz
[22:56:48] [Server thread/INFO]: <hadhodrim> zzzzzzzzzzzzzzzzzzzzzzzzzzzzzzzzzz
[23:00:57] [Server thread/INFO]: <K1NGNath> so a gih
[23:05:16] [Server thread/INFO]: hadhodrim has made the advancement [A Seedy Place]
[23:05:17] [Server thread/INFO]: K1NGNath has made the advancement [Fishy Business]
[23:06:10] [Server thread/INFO]: VEM_Tranquilo has made the advancement [Fishy Business]
[23:09:59] [Server thread/INFO]: hadhodrim has made the advancement [Ice Bucket Challenge]
[23:10:12] [Server thread/INFO]: <VEM_Tranquilo> wwwwwwwwwwwwwwwwwwwwwwwwwwwwwwwwww
[23:10:41] [Server thread/INFO]: <oh_jc> zzzzzzzzzzz
[23:10:42] [Server thread/INFO]: <oh_jc> zzzzzzzzzzzz
[23:10:43] [Server thread/INFO]: <oh_jc> zzzzzzzzzzzz
[23:10:44] [Server thread/INFO]: <oh_jc> zzzzzzzzzzzzz
[23:10:45] [Server thread/INFO]: <oh_jc> zzzzzzzzzzzzzz
[23:10:46] [Server thread/INFO]: <oh_jc> zzzzzzzzzz
[23:10:47] [Server thread/INFO]: <oh_jc> z
[23:10:48] [Server thread/INFO]: <oh_jc> zz
[23:10:48] [Server thread/INFO]: <oh_jc> z
[23:10:48] [Server thread/INFO]: <VEM_Tranquilo> wwwwwwwwwwwwwwwwwwwwwwwwwww
[23:10:48] [Server thread/INFO]: <oh_jc> z
[23:10:48] [Server thread/INFO]: <oh_jc> z
[23:10:49] [Server thread/INFO]: <oh_jc> z
[23:10:49] [Server thread/INFO]: <oh_jc> z
[23:10:49] [Server thread/INFO]: <oh_jc> z
[23:10:49] [Server thread/INFO]: <oh_jc> z
[23:10:49] [Server thread/INFO]: <oh_jc> z
[23:10:50] [Server thread/INFO]: <oh_jc> z
[23:10:50] [Server thread/INFO]: <oh_jc> z
[23:10:50] [Server thread/INFO]: <oh_jc> z
[23:10:50] [Server thread/INFO]: <VEM_Tranquilo> wwwwwwwwwwwwwwwww
[23:10:50] [Server thread/INFO]: <oh_jc> z
[23:10:50] [Server thread/INFO]: <oh_jc> z
[23:10:51] [Server thread/INFO]: <oh_jc> z
[23:10:51] [Server thread/INFO]: <oh_jc> z
[23:10:51] [Server thread/INFO]: <oh_jc> z
[23:10:51] [Server thread/INFO]: <oh_jc> z
[23:10:52] [Server thread/INFO]: <oh_jc> zz
[23:10:52] [Server thread/INFO]: <oh_jc> z
[23:10:52] [Server thread/INFO]: <oh_jc> z
[23:10:52] [Server thread/INFO]: <oh_jc> z
[23:10:53] [Server thread/INFO]: <oh_jc> z
[23:10:53] [Server thread/INFO]: <VEM_Tranquilo> wwwwwwwwwwwwwwwww
[23:10:53] [Server thread/INFO]: <oh_jc> z
[23:10:53] [Server thread/INFO]: <oh_jc> z
[23:10:53] [Server thread/INFO]: <oh_jc> z
[23:10:55] [Server thread/INFO]: <VEM_Tranquilo> wwwwwwwwwwwwww
[23:10:55] [Server thread/INFO]: <oh_jc> z
[23:10:57] [Server thread/INFO]: <VEM_Tranquilo> wwwwwwwwwww
[23:10:58] [Server thread/INFO]: <VEM_Tranquilo> w
[23:10:59] [Server thread/INFO]: <VEM_Tranquilo> w
[23:11:01] [Server thread/INFO]: <VEM_Tranquilo> w
[23:11:02] [Server thread/INFO]: <VEM_Tranquilo> w
[23:11:04] [Server thread/INFO]: <VEM_Tranquilo> w
[23:11:06] [Server thread/INFO]: <oh_jc> z
[23:11:07] [Server thread/INFO]: <oh_jc> z
[23:11:07] [Server thread/INFO]: <oh_jc> z
[23:11:07] [Server thread/INFO]: <oh_jc> z
[23:11:07] [Server thread/INFO]: <oh_jc> z
[23:11:08] [Server thread/INFO]: <oh_jc> z
[23:11:08] [Server thread/INFO]: <oh_jc> z
[23:11:09] [Server thread/INFO]: <oh_jc> z
[23:11:09] [Server thread/INFO]: <oh_jc> z
[23:11:13] [Server thread/INFO]: <VEM_Tranquilo> w
[23:11:13] [Server thread/INFO]: <VEM_Tranquilo> w
[23:11:13] [Server thread/INFO]: <VEM_Tranquilo> w
[23:11:14] [Server thread/INFO]: <VEM_Tranquilo> w
[23:11:14] [Server thread/INFO]: <VEM_Tranquilo> w
[23:11:14] [Server thread/INFO]: <VEM_Tranquilo> w
[23:11:14] [Server thread/INFO]: <VEM_Tranquilo> w
[23:11:15] [Server thread/INFO]: <VEM_Tranquilo> w
[23:11:15] [Server thread/INFO]: <VEM_Tranquilo> w
[23:11:15] [Server thread/INFO]: <VEM_Tranquilo> w
[23:11:16] [Server thread/INFO]: <oh_jc> zzzzzzzzzz
[23:11:16] [Server thread/INFO]: <VEM_Tranquilo> w
[23:11:16] [Server thread/INFO]: <oh_jc> z
[23:11:16] [Server thread/INFO]: <VEM_Tranquilo> w
[23:11:16] [Server thread/INFO]: <VEM_Tranquilo> w
[23:11:17] [Server thread/INFO]: <VEM_Tranquilo> w
[23:11:17] [Server thread/INFO]: <VEM_Tranquilo> w
[23:11:17] [Server thread/INFO]: <VEM_Tranquilo> w
[23:11:18] [Server thread/INFO]: <VEM_Tranquilo> w
[23:11:18] [Server thread/INFO]: <VEM_Tranquilo> w
[23:11:18] [Server thread/INFO]: <VEM_Tranquilo> w
[23:11:18] [Server thread/INFO]: <oh_jc> z
[23:11:19] [Server thread/INFO]: <oh_jc> z
[23:11:19] [Server thread/INFO]: <oh_jc> z
[23:11:19] [Server thread/INFO]: <VEM_Tranquilo> w
[23:11:19] [Server thread/INFO]: <VEM_Tranquilo> w
[23:11:19] [Server thread/INFO]: <VEM_Tranquilo> w
[23:11:19] [Server thread/INFO]: <oh_jc> zz
[23:11:20] [Server thread/INFO]: <VEM_Tranquilo> w
[23:11:20] [Server thread/INFO]: <oh_jc> z
[23:11:20] [Server thread/INFO]: <oh_jc> z
[23:11:20] [Server thread/INFO]: <VEM_Tranquilo> w
[23:11:20] [Server thread/INFO]: <oh_jc> z
[23:11:20] [Server thread/INFO]: <VEM_Tranquilo> w
[23:11:20] [Server thread/INFO]: <oh_jc> z
[23:11:20] [Server thread/INFO]: <VEM_Tranquilo> w
[23:11:21] [Server thread/INFO]: <oh_jc> z
[23:11:21] [Server thread/INFO]: <VEM_Tranquilo> ww
[23:11:21] [Server thread/INFO]: <oh_jc> z
[23:11:21] [Server thread/INFO]: <VEM_Tranquilo> w
[23:11:21] [Server thread/INFO]: <oh_jc> zz
[23:11:21] [Server thread/INFO]: <VEM_Tranquilo> w
[23:11:21] [Server thread/INFO]: <oh_jc> z
[23:11:22] [Server thread/INFO]: <oh_jc> z
[23:11:22] [Server thread/INFO]: <VEM_Tranquilo> w
[23:11:22] [Server thread/INFO]: <oh_jc> z
[23:11:22] [Server thread/INFO]: <VEM_Tranquilo> w
[23:11:22] [Server thread/INFO]: <oh_jc> z
[23:11:22] [Server thread/INFO]: <oh_jc> z
[23:11:22] [Server thread/INFO]: <VEM_Tranquilo> w
[23:11:22] [Server thread/INFO]: <oh_jc> z
[23:11:22] [Server thread/INFO]: <oh_jc> z
[23:11:22] [Server thread/INFO]: <VEM_Tranquilo> w
[23:11:22] [Server thread/INFO]: <K1NGNath> no meio dos deis fico constrangido
[23:11:23] [Server thread/INFO]: <oh_jc> z
[23:11:23] [Server thread/INFO]: <VEM_Tranquilo> w
[23:11:23] [Server thread/INFO]: <VEM_Tranquilo> w
[23:11:23] [Server thread/INFO]: <oh_jc> z
[23:11:23] [Server thread/INFO]: <oh_jc> z
[23:11:23] [Server thread/INFO]: <VEM_Tranquilo> w
[23:11:24] [Server thread/INFO]: <oh_jc> z
[23:11:24] [Server thread/INFO]: <oh_jc> z
[23:11:24] [Server thread/INFO]: <VEM_Tranquilo> w
[23:11:24] [Server thread/INFO]: <oh_jc> z
[23:11:24] [Server thread/INFO]: <VEM_Tranquilo> w
[23:11:24] [Server thread/INFO]: <oh_jc> z
[23:11:24] [Server thread/INFO]: <VEM_Tranquilo> w
[23:11:24] [Server thread/INFO]: <oh_jc> z
[23:11:25] [Server thread/INFO]: <oh_jc> z
[23:11:25] [Server thread/INFO]: <VEM_Tranquilo> w
[23:11:25] [Server thread/INFO]: <oh_jc> z
[23:11:25] [Server thread/INFO]: <oh_jc> z
[23:11:25] [Server thread/INFO]: <VEM_Tranquilo> w
[23:11:25] [Server thread/INFO]: <oh_jc> z
[23:11:25] [Server thread/INFO]: <VEM_Tranquilo> w
[23:11:26] [Server thread/INFO]: <oh_jc> z
[23:11:26] [Server thread/INFO]: <VEM_Tranquilo> w
[23:11:26] [Server thread/INFO]: <oh_jc> z
[23:11:26] [Server thread/INFO]: <oh_jc> z
[23:11:26] [Server thread/INFO]: <VEM_Tranquilo> w
[23:11:26] [Server thread/INFO]: <oh_jc> z
[23:11:26] [Server thread/INFO]: <VEM_Tranquilo> w
[23:11:26] [Server thread/INFO]: <oh_jc> z
[23:11:27] [Server thread/INFO]: <oh_jc> z
[23:11:27] [Server thread/INFO]: <VEM_Tranquilo> w
[23:11:27] [Server thread/INFO]: <VEM_Tranquilo> w
[23:11:27] [Server thread/INFO]: <VEM_Tranquilo> w
[23:11:28] [Server thread/INFO]: <VEM_Tranquilo> w
[23:11:28] [Server thread/INFO]: <VEM_Tranquilo> w
[23:11:28] [Server thread/INFO]: <VEM_Tranquilo> w
[23:11:28] [Server thread/INFO]: <oh_jc> z
[23:11:28] [Server thread/INFO]: <VEM_Tranquilo> w
[23:11:29] [Server thread/INFO]: <VEM_Tranquilo> w
[23:11:29] [Server thread/INFO]: <VEM_Tranquilo> w
[23:11:29] [Server thread/INFO]: <VEM_Tranquilo> w
[23:11:30] [Server thread/INFO]: <VEM_Tranquilo> w
[23:11:30] [Server thread/INFO]: <VEM_Tranquilo> w
[23:11:31] [Server thread/INFO]: <VEM_Tranquilo> w
[23:11:31] [Server thread/INFO]: <VEM_Tranquilo> w
[23:11:31] [Server thread/INFO]: <VEM_Tranquilo> w
[23:11:32] [Server thread/INFO]: <VEM_Tranquilo> w
[23:11:32] [Server thread/INFO]: <VEM_Tranquilo> w
[23:11:33] [Server thread/INFO]: <VEM_Tranquilo> wwww
[23:11:33] [Server thread/INFO]: <VEM_Tranquilo> w
[23:11:34] [Server thread/INFO]: <VEM_Tranquilo> w
[23:11:34] [Server thread/INFO]: <VEM_Tranquilo> w
[23:11:34] [Server thread/INFO]: <VEM_Tranquilo> w
[23:11:35] [Server thread/INFO]: <VEM_Tranquilo> w
[23:11:35] [Server thread/INFO]: <VEM_Tranquilo> w
[23:11:35] [Server thread/INFO]: <VEM_Tranquilo> w
[23:11:36] [Server thread/INFO]: <VEM_Tranquilo> w
[23:12:28] [Server thread/INFO]: <K1NGNath> w
[23:12:29] [Server thread/INFO]: <K1NGNath> w
[23:12:29] [Server thread/INFO]: <K1NGNath> w
[23:12:29] [Server thread/INFO]: <K1NGNath> w
[23:12:29] [Server thread/INFO]: <K1NGNath> w
[23:12:29] [Server thread/INFO]: <K1NGNath> w
[23:12:29] [Server thread/INFO]: <K1NGNath> w
[23:12:29] [Server thread/INFO]: <K1NGNath> w
[23:12:29] [Server thread/INFO]: <K1NGNath> w
[23:12:30] [Server thread/INFO]: <K1NGNath> w
[23:12:30] [Server thread/INFO]: <VEM_Tranquilo> w
[23:12:30] [Server thread/INFO]: <K1NGNath> w
[23:12:30] [Server thread/INFO]: <K1NGNath> w
[23:12:30] [Server thread/INFO]: <K1NGNath> w
[23:12:30] [Server thread/INFO]: <VEM_Tranquilo> w
[23:12:30] [Server thread/INFO]: <K1NGNath> w
[23:12:30] [Server thread/INFO]: <VEM_Tranquilo> w
[23:12:30] [Server thread/INFO]: <K1NGNath> w
[23:12:30] [Server thread/INFO]: <K1NGNath> w
[23:12:30] [Server thread/INFO]: <VEM_Tranquilo> w
[23:12:30] [Server thread/INFO]: <K1NGNath> w
[23:12:31] [Server thread/INFO]: <K1NGNath> w
[23:12:31] [Server thread/INFO]: <VEM_Tranquilo> w
[23:12:31] [Server thread/INFO]: <K1NGNath> w
[23:12:31] [Server thread/INFO]: <K1NGNath> w
[23:12:31] [Server thread/INFO]: <VEM_Tranquilo> w
[23:12:31] [Server thread/INFO]: <K1NGNath> w
[23:12:31] [Server thread/INFO]: <VEM_Tranquilo> w
[23:12:31] [Server thread/INFO]: <K1NGNath> w
[23:12:31] [Server thread/INFO]: <K1NGNath> w
[23:12:31] [Server thread/INFO]: <VEM_Tranquilo> w
[23:12:31] [Server thread/INFO]: <K1NGNath> w
[23:12:32] [Server thread/INFO]: <K1NGNath> w
[23:12:32] [Server thread/INFO]: <VEM_Tranquilo> w
[23:12:32] [Server thread/INFO]: <K1NGNath> w
[23:12:32] [Server thread/INFO]: <K1NGNath> w
[23:12:32] [Server thread/INFO]: <VEM_Tranquilo> w
[23:12:32] [Server thread/INFO]: <K1NGNath> w
[23:12:32] [Server thread/INFO]: <VEM_Tranquilo> w
[23:12:32] [Server thread/INFO]: <K1NGNath> w
[23:12:32] [Server thread/INFO]: <K1NGNath> w
[23:12:32] [Server thread/INFO]: <VEM_Tranquilo> w
[23:12:32] [Server thread/INFO]: <K1NGNath> w
[23:12:32] [Server thread/INFO]: <VEM_Tranquilo> w
[23:12:33] [Server thread/INFO]: <K1NGNath> w
[23:12:33] [Server thread/INFO]: <VEM_Tranquilo> w
[23:12:33] [Server thread/INFO]: <K1NGNath> ww
[23:12:33] [Server thread/INFO]: <K1NGNath> w
[23:12:33] [Server thread/INFO]: <VEM_Tranquilo> w
[23:12:33] [Server thread/INFO]: <oh_jc> z
[23:12:33] [Server thread/INFO]: <K1NGNath> w
[23:12:33] [Server thread/INFO]: <K1NGNath> w
[23:12:33] [Server thread/INFO]: <oh_jc> z
[23:12:33] [Server thread/INFO]: <K1NGNath> w
[23:12:33] [Server thread/INFO]: <VEM_Tranquilo> w
[23:12:33] [Server thread/INFO]: <oh_jc> z
[23:12:33] [Server thread/INFO]: <K1NGNath> w
[23:12:34] [Server thread/INFO]: <VEM_Tranquilo> w
[23:12:34] [Server thread/INFO]: <oh_jc> z
[23:12:34] [Server thread/INFO]: <K1NGNath> w
[23:12:34] [Server thread/INFO]: <oh_jc> z
[23:12:34] [Server thread/INFO]: <K1NGNath> w
[23:12:34] [Server thread/INFO]: <VEM_Tranquilo> w
[23:12:34] [Server thread/INFO]: <hadhodrim> w
[23:12:34] [Server thread/INFO]: <K1NGNath> w
[23:12:34] [Server thread/INFO]: <K1NGNath> w
[23:12:34] [Server thread/INFO]: <hadhodrim> w
[23:12:34] [Server thread/INFO]: <oh_jc> z
[23:12:34] [Server thread/INFO]: <K1NGNath> w
[23:12:34] [Server thread/INFO]: <oh_jc> z
[23:12:34] [Server thread/INFO]: <hadhodrim> w
[23:12:34] [Server thread/INFO]: <K1NGNath> w
[23:12:34] [Server thread/INFO]: <VEM_Tranquilo> w
[23:12:34] [Server thread/INFO]: <VEM_Tranquilo> w
[23:12:34] [Server thread/INFO]: <hadhodrim> w
[23:12:35] [Server thread/INFO]: <hadhodrim> w
[23:12:35] [Server thread/INFO]: <VEM_Tranquilo> w
[23:12:35] [Server thread/INFO]: <oh_jc> z
[23:12:35] [Server thread/INFO]: <oh_jc> z
[23:12:35] [Server thread/INFO]: <hadhodrim> w
[23:12:35] [Server thread/INFO]: <VEM_Tranquilo> w
[23:12:35] [Server thread/INFO]: <hadhodrim> w
[23:12:35] [Server thread/INFO]: <oh_jc> z
[23:12:35] [Server thread/INFO]: <hadhodrim> w
[23:12:35] [Server thread/INFO]: <VEM_Tranquilo> w
[23:12:35] [Server thread/INFO]: <oh_jc> z
[23:12:35] [Server thread/INFO]: <hadhodrim> w
[23:12:35] [Server thread/INFO]: <VEM_Tranquilo> w
[23:12:35] [Server thread/INFO]: <hadhodrim> w
[23:12:35] [Server thread/INFO]: <oh_jc> z
[23:12:36] [Server thread/INFO]: <VEM_Tranquilo> w
[23:12:36] [Server thread/INFO]: <hadhodrim> w
[23:12:36] [Server thread/INFO]: <oh_jc> z
[23:12:36] [Server thread/INFO]: <hadhodrim> w
[23:12:36] [Server thread/INFO]: <VEM_Tranquilo> w
[23:12:36] [Server thread/INFO]: <oh_jc> z
[23:12:36] [Server thread/INFO]: <hadhodrim> w
[23:12:36] [Server thread/INFO]: <VEM_Tranquilo> w
[23:12:36] [Server thread/INFO]: <hadhodrim> w
[23:12:36] [Server thread/INFO]: <oh_jc> z
[23:12:36] [Server thread/INFO]: <hadhodrim> w
[23:12:36] [Server thread/INFO]: <VEM_Tranquilo> w
[23:12:37] [Server thread/INFO]: <oh_jc> z
[23:12:37] [Server thread/INFO]: <oh_jc> z
[23:12:38] [Server thread/INFO]: <oh_jc> z
[23:12:38] [Server thread/INFO]: <oh_jc> z
[23:12:38] [Server thread/INFO]: <oh_jc> z
[23:12:38] [Server thread/INFO]: <oh_jc> z
[23:12:38] [Server thread/INFO]: <oh_jc> z
[23:12:38] [Server thread/INFO]: <oh_jc> z
[23:12:38] [Server thread/INFO]: <oh_jc> z
[23:12:38] [Server thread/INFO]: <oh_jc> z
[23:14:41] [Server thread/INFO]: oh_jc has made the advancement [Diamonds!]
[23:19:55] [Server thread/WARN]: K1NGNath moved too quickly! -3.3384347634289497,0.0,9.574488387134124
[23:19:55] [Server thread/WARN]: oh_jc moved too quickly! -7.106873474434337,1.0013359791121417,7.247742090109227
[23:19:55] [Server thread/WARN]: Can't keep up! Is the server overloaded? Running 2368ms or 47 ticks behind
[23:24:09] [Server thread/INFO]: <K1NGNath> zzzzzzzz
[23:24:10] [Server thread/INFO]: <K1NGNath> zzzzzz
[23:24:10] [Server thread/INFO]: <K1NGNath> z
[23:24:10] [Server thread/INFO]: <K1NGNath> z
[23:24:10] [Server thread/INFO]: <K1NGNath> z
[23:24:10] [Server thread/INFO]: <K1NGNath> z
[23:24:11] [Server thread/INFO]: <K1NGNath> z
[23:24:11] [Server thread/INFO]: <K1NGNath> z
[23:24:11] [Server thread/INFO]: <K1NGNath> z
[23:24:11] [Server thread/INFO]: <K1NGNath> z
[23:24:11] [Server thread/INFO]: <K1NGNath> z
[23:24:11] [Server thread/INFO]: <K1NGNath> zz
[23:24:12] [Server thread/INFO]: <K1NGNath> z
[23:24:12] [Server thread/INFO]: <K1NGNath> z
[23:24:12] [Server thread/INFO]: <K1NGNath> zz
[23:24:12] [Server thread/INFO]: <K1NGNath> z
[23:24:12] [Server thread/INFO]: <K1NGNath> z
[23:24:12] [Server thread/INFO]: <K1NGNath> z
[23:24:13] [Server thread/INFO]: <K1NGNath> z
[23:24:13] [Server thread/INFO]: <K1NGNath> z
[23:24:13] [Server thread/INFO]: <K1NGNath> z
[23:24:13] [Server thread/INFO]: <K1NGNath> z
[23:24:13] [Server thread/INFO]: <K1NGNath> z
[23:24:13] [Server thread/INFO]: <K1NGNath> z
[23:24:14] [Server thread/INFO]: <K1NGNath> z
[23:24:14] [Server thread/INFO]: <K1NGNath> z
[23:24:14] [Server thread/INFO]: <K1NGNath> z
[23:24:14] [Server thread/INFO]: <K1NGNath> z
[23:24:14] [Server thread/INFO]: <K1NGNath> z
[23:24:14] [Server thread/INFO]: <K1NGNath> z
[23:24:14] [Server thread/INFO]: <K1NGNath> z
[23:24:53] [Server thread/INFO]: [K1NGNath: Kicked VEM_Tranquilo: Kicked by an operator]
[23:24:53] [Server thread/INFO]: VEM_Tranquilo lost connection: Kicked by an operator
[23:24:53] [Server thread/INFO]: VEM_Tranquilo left the game
[23:25:02] [Server thread/INFO]: <hadhodrim> zzzzzzzzzz
[23:25:03] [Server thread/INFO]: <oh_jc> z
[23:25:03] [Server thread/INFO]: <oh_jc> z
[23:25:03] [Server thread/INFO]: <oh_jc> z
[23:25:03] [Server thread/INFO]: <oh_jc> z
[23:25:04] [Server thread/INFO]: <oh_jc> z
[23:25:04] [Server thread/INFO]: <oh_jc> z
[23:25:04] [Server thread/INFO]: <oh_jc> z
[23:25:04] [Server thread/INFO]: <oh_jc> zz
[23:25:04] [Server thread/INFO]: <oh_jc> z
[23:25:05] [Server thread/INFO]: <oh_jc> z
[23:25:05] [Server thread/INFO]: <oh_jc> z
[23:25:05] [Server thread/INFO]: <oh_jc> z
[23:25:05] [Server thread/INFO]: <K1NGNath> zz
[23:25:05] [Server thread/INFO]: <K1NGNath> z
[23:25:05] [Server thread/INFO]: <oh_jc> z
[23:25:06] [Server thread/INFO]: <K1NGNath> z
[23:25:06] [Server thread/INFO]: <K1NGNath> z
[23:25:06] [Server thread/INFO]: <K1NGNath> z
[23:25:07] [Server thread/INFO]: <K1NGNath> z
[23:27:49] [Server thread/INFO]: VEM_Tranquilo[/25.3.94.110:59440] logged in with entity id 34825 at (-253.43192802237763, 58.0, 181.4977253907448)
[23:27:49] [Server thread/INFO]: VEM_Tranquilo joined the game
[23:29:58] [Server thread/WARN]: Can't keep up! Is the server overloaded? Running 2162ms or 43 ticks behind
[23:30:36] [Server thread/WARN]: Can't keep up! Is the server overloaded? Running 23392ms or 467 ticks behind
[23:30:59] [Server thread/WARN]: Can't keep up! Is the server overloaded? Running 2276ms or 45 ticks behind
[23:31:25] [Server thread/WARN]: Can't keep up! Is the server overloaded? Running 2307ms or 46 ticks behind
[23:32:32] [Server thread/INFO]: K1NGNath has made the advancement [Best Friends Forever]
[23:32:49] [Server thread/WARN]: Horse (vehicle of K1NGNath) moved too quickly! 6.625201858828177,0.9231679985046384,-7.72150936000844
[23:32:54] [Server thread/WARN]: Horse (vehicle of K1NGNath) moved too quickly! 3.8984609167021063,0.9231679985046384,-9.479249704504696
[23:32:55] [Server thread/WARN]: Can't keep up! Is the server overloaded? Running 2228ms or 44 ticks behind
[23:32:58] [Server thread/WARN]: Horse (vehicle of K1NGNath) moved too quickly! 9.630168747105927,-1.2615077906826428,-3.8337844023016032
[23:33:03] [Server thread/WARN]: Horse (vehicle of K1NGNath) moved wrongly! 0.3195283823351929
[23:33:03] [Server thread/WARN]: Horse (vehicle of K1NGNath) moved wrongly! 0.7819890050607228
[23:33:10] [Server thread/INFO]: oh_jc has made the advancement [Best Friends Forever]
[23:33:42] [Server thread/INFO]: <K1NGNath> -244 154
[23:35:09] [Server thread/WARN]: Horse (vehicle of K1NGNath) moved wrongly! 0.2776810502959961
[23:35:09] [Server thread/WARN]: Horse (vehicle of K1NGNath) moved wrongly! 0.46192392176430985
[23:35:09] [Server thread/WARN]: Horse (vehicle of K1NGNath) moved wrongly! 0.923378156504441
[23:35:09] [Server thread/WARN]: Horse (vehicle of K1NGNath) moved wrongly! 0.4612029145780525
[23:35:09] [Server thread/WARN]: Horse (vehicle of K1NGNath) moved wrongly! 0.4610684381700594
[23:35:09] [Server thread/WARN]: Horse (vehicle of K1NGNath) moved wrongly! 0.9220649206954477
[23:35:09] [Server thread/WARN]: Horse (vehicle of K1NGNath) moved wrongly! 0.46095798049464065
[23:35:09] [Server thread/WARN]: Horse (vehicle of K1NGNath) moved wrongly! 0.9218953593201604
[23:35:09] [Server thread/WARN]: Horse (vehicle of K1NGNath) moved wrongly! 0.4609263552831635
[23:35:09] [Server thread/WARN]: Horse (vehicle of K1NGNath) moved wrongly! 0.46092045680552474
[23:35:09] [Server thread/WARN]: Horse (vehicle of K1NGNath) moved wrongly! 0.46091730064767944
[23:35:09] [Server thread/WARN]: Horse (vehicle of K1NGNath) moved wrongly! 0.4609156118503961
[23:35:09] [Server thread/WARN]: Horse (vehicle of K1NGNath) moved wrongly! 0.46091470820874747
[23:35:09] [Server thread/WARN]: Horse (vehicle of K1NGNath) moved wrongly! 0.46091422468816745
[23:35:09] [Server thread/WARN]: Horse (vehicle of K1NGNath) moved wrongly! 0.92151002050241
[23:35:09] [Server thread/WARN]: Horse (vehicle of K1NGNath) moved wrongly! 0.4589003615699312
[23:35:09] [Server thread/WARN]: Horse (vehicle of K1NGNath) moved wrongly! 0.45799316850911964
[23:35:09] [Server thread/WARN]: Horse (vehicle of K1NGNath) moved wrongly! 0.915500916099063
[23:35:09] [Server thread/WARN]: Horse (vehicle of K1NGNath) moved wrongly! 0.45724800853417946
[23:35:10] [Server thread/WARN]: Horse (vehicle of K1NGNath) moved wrongly! 0.4571090273441314
[23:35:10] [Server thread/WARN]: Horse (vehicle of K1NGNath) moved wrongly! 0.34104807234461987
[23:35:10] [Server thread/WARN]: Horse (vehicle of K1NGNath) moved wrongly! 0.5165914142016845
[23:35:10] [Server thread/WARN]: Horse (vehicle of K1NGNath) moved wrongly! 0.4880757124101365
[23:35:10] [Server thread/WARN]: Horse (vehicle of K1NGNath) moved wrongly! 0.47253999473923614
[23:35:10] [Server thread/WARN]: Horse (vehicle of K1NGNath) moved wrongly! 0.46394863438399625
[23:35:10] [Server thread/WARN]: Horse (vehicle of K1NGNath) moved wrongly! 0.4590619774564857
[23:35:10] [Server thread/WARN]: Horse (vehicle of K1NGNath) moved wrongly! 0.45289455619013097
[23:35:10] [Server thread/WARN]: Horse (vehicle of K1NGNath) moved wrongly! 0.43473135802673823
[23:35:10] [Server thread/WARN]: Horse (vehicle of K1NGNath) moved wrongly! 0.8451795969795057
[23:35:10] [Server thread/WARN]: Horse (vehicle of K1NGNath) moved wrongly! 0.2887318590635459
[23:35:30] [Server thread/WARN]: Can't keep up! Is the server overloaded? Running 2495ms or 49 ticks behind
[23:35:46] [Server thread/INFO]: <K1NGNath> -244 154
[23:35:49] [Server thread/WARN]: Can't keep up! Is the server overloaded? Running 3776ms or 75 ticks behind
[23:37:54] [Server thread/INFO]: <oh_jc> z
[23:37:54] [Server thread/INFO]: <oh_jc> z
[23:37:54] [Server thread/INFO]: <oh_jc> z
[23:37:54] [Server thread/INFO]: <oh_jc> z
[23:37:55] [Server thread/INFO]: <oh_jc> z
[23:37:55] [Server thread/INFO]: <oh_jc> z
[23:37:55] [Server thread/INFO]: <oh_jc> z
[23:37:55] [Server thread/INFO]: <oh_jc> z
[23:37:56] [Server thread/INFO]: <oh_jc> z
[23:37:56] [Server thread/INFO]: <oh_jc> z
[23:37:56] [Server thread/INFO]: <oh_jc> z
[23:37:56] [Server thread/INFO]: <oh_jc> z
[23:37:56] [Server thread/INFO]: <oh_jc> z
[23:37:57] [Server thread/INFO]: <oh_jc> z
[23:37:57] [Server thread/INFO]: <oh_jc> z
[23:37:57] [Server thread/INFO]: <VEM_Tranquilo> w
[23:37:57] [Server thread/INFO]: <VEM_Tranquilo> w
[23:37:57] [Server thread/INFO]: <VEM_Tranquilo> w
[23:37:58] [Server thread/INFO]: <VEM_Tranquilo> w
[23:37:58] [Server thread/INFO]: <VEM_Tranquilo> w
[23:37:58] [Server thread/INFO]: <VEM_Tranquilo> w
[23:37:58] [Server thread/INFO]: <VEM_Tranquilo> w
[23:37:59] [Server thread/INFO]: <VEM_Tranquilo> w
[23:37:59] [Server thread/INFO]: <VEM_Tranquilo> w
[23:37:59] [Server thread/INFO]: <VEM_Tranquilo> w
[23:38:00] [Server thread/INFO]: <VEM_Tranquilo> w
[23:38:00] [Server thread/INFO]: <VEM_Tranquilo> w
[23:38:00] [Server thread/INFO]: <VEM_Tranquilo> w
[23:38:00] [Server thread/INFO]: <VEM_Tranquilo> w
[23:38:01] [Server thread/INFO]: <K1NGNath> -244 154
[23:38:01] [Server thread/INFO]: <VEM_Tranquilo> w
[23:38:01] [Server thread/INFO]: <VEM_Tranquilo> w
[23:38:01] [Server thread/INFO]: <VEM_Tranquilo> w
[23:38:01] [Server thread/INFO]: <VEM_Tranquilo> w
[23:38:01] [Server thread/INFO]: <VEM_Tranquilo> w
[23:38:01] [Server thread/INFO]: <VEM_Tranquilo> w
[23:38:02] [Server thread/INFO]: <VEM_Tranquilo> w
[23:38:03] [Server thread/INFO]: <VEM_Tranquilo> w
[23:38:03] [Server thread/INFO]: <VEM_Tranquilo> w
[23:38:03] [Server thread/INFO]: <VEM_Tranquilo> w
[23:38:03] [Server thread/INFO]: <VEM_Tranquilo> w
[23:38:03] [Server thread/INFO]: <VEM_Tranquilo> w
[23:38:03] [Server thread/INFO]: <VEM_Tranquilo> w
[23:38:03] [Server thread/INFO]: <VEM_Tranquilo> w
[23:38:03] [Server thread/INFO]: <VEM_Tranquilo> w
[23:38:04] [Server thread/INFO]: <VEM_Tranquilo> w
[23:38:04] [Server thread/INFO]: <VEM_Tranquilo> w
[23:38:04] [Server thread/INFO]: <VEM_Tranquilo> w
[23:38:05] [Server thread/INFO]: <VEM_Tranquilo> w
[23:38:05] [Server thread/INFO]: <VEM_Tranquilo> w
[23:38:06] [Server thread/INFO]: <K1NGNath> -244 154wa
[23:38:07] [Server thread/INFO]: <VEM_Tranquilo> w
[23:40:22] [Server thread/INFO]: oh_jc lost connection: Disconnected
[23:40:22] [Server thread/INFO]: oh_jc left the game
[23:40:41] [Server thread/INFO]: hadhodrim lost connection: Disconnected
[23:40:41] [Server thread/INFO]: hadhodrim left the game
[23:40:43] [Server thread/INFO]: K1NGNath lost connection: Disconnected
[23:40:43] [Server thread/INFO]: K1NGNath left the game
[23:40:45] [Server thread/INFO]: VEM_Tranquilo lost connection: Disconnected
[23:40:45] [Server thread/INFO]: VEM_Tranquilo left the game
[23:40:54] [Server thread/INFO]: Stopping server
[23:40:54] [Server thread/INFO]: Saving players
[23:40:54] [Server thread/INFO]: Saving worlds
[23:40:54] [Server thread/INFO]: Saving chunks for level 'ServerLevel[world]'/minecraft:overworld
[23:40:56] [Server thread/INFO]: ThreadedAnvilChunkStorage (world): All chunks are saved
[23:40:56] [Server thread/INFO]: Saving chunks for level 'ServerLevel[world]'/minecraft:the_nether
[23:40:56] [Server thread/INFO]: ThreadedAnvilChunkStorage (DIM-1): All chunks are saved
[23:40:56] [Server thread/INFO]: Saving chunks for level 'ServerLevel[world]'/minecraft:the_end
[23:40:56] [Server thread/INFO]: ThreadedAnvilChunkStorage (DIM1): All chunks are saved
[23:40:56] [Server thread/INFO]: ThreadedAnvilChunkStorage (world): All chunks are saved
[23:40:59] [Server thread/INFO]: ThreadedAnvilChunkStorage (DIM-1): All chunks are saved
[23:40:59] [Server thread/INFO]: ThreadedAnvilChunkStorage (DIM1): All chunks are saved
